
## ---------------------- ##
## Running config.status. ##
## ---------------------- ##

This file was extended by ROSE config.status 0.9.6a, which was
generated by GNU Autoconf 2.68.  Invocation command line was

  CONFIG_FILES    = 
  CONFIG_HEADERS  = 
  CONFIG_LINKS    = 
  CONFIG_COMMANDS = 
  $ ./config.status 

on tristan-laptop

config.status:2588: creating src/3rdPartyLibraries/POET/Makefile
config.status:2588: creating projects/CodeProperties/Makefile
config.status:2588: creating projects/traceAnalysis/Makefile
config.status:2588: creating stamp-h
config.status:2588: creating Makefile
config.status:2588: creating rose.docs
config.status:2588: creating config/Makefile
config.status:2588: creating src/Makefile
config.status:2588: creating src/util/Makefile
config.status:2588: creating src/util/stringSupport/Makefile
config.status:2588: creating src/util/commandlineProcessing/Makefile
config.status:2588: creating src/util/support/Makefile
config.status:2588: creating src/util/graphs/Makefile
config.status:2588: creating src/util/Handles/Makefile
config.status:2588: creating src/3rdPartyLibraries/Makefile
config.status:2588: creating src/3rdPartyLibraries/MSTL/Makefile
config.status:2588: creating src/3rdPartyLibraries/fortran-parser/Makefile
config.status:2588: creating src/3rdPartyLibraries/experimental-fortran-parser/Makefile
config.status:2588: creating src/3rdPartyLibraries/antlr-jars/Makefile
config.status:2588: creating src/3rdPartyLibraries/java-parser/Makefile
config.status:2588: creating src/3rdPartyLibraries/qrose/Makefile
config.status:2588: creating src/3rdPartyLibraries/qrose/Framework/Makefile
config.status:2588: creating src/3rdPartyLibraries/qrose/QRoseLib/Makefile
config.status:2588: creating src/3rdPartyLibraries/qrose/Widgets/Makefile
config.status:2588: creating src/3rdPartyLibraries/qrose/Components/Makefile
config.status:2588: creating src/3rdPartyLibraries/qrose/Components/Common/Makefile
config.status:2588: creating src/3rdPartyLibraries/qrose/Components/Common/icons/Makefile
config.status:2588: creating src/3rdPartyLibraries/qrose/Components/QueryBox/Makefile
config.status:2588: creating src/3rdPartyLibraries/qrose/Components/SourceBox/Makefile
config.status:2588: creating src/3rdPartyLibraries/qrose/Components/TreeBox/Makefile
config.status:2588: creating src/3rdPartyLibraries/UPR/Makefile
config.status:2588: creating src/3rdPartyLibraries/UPR/docs/Makefile
config.status:2588: creating src/3rdPartyLibraries/UPR/docs/doxygen/Makefile
config.status:2588: creating src/3rdPartyLibraries/UPR/docs/doxygen/doxy.conf
config.status:2588: creating src/3rdPartyLibraries/UPR/examples/Makefile
config.status:2588: creating src/3rdPartyLibraries/UPR/examples/cuda/Makefile
config.status:2588: creating src/3rdPartyLibraries/UPR/examples/opencl/Makefile
config.status:2588: creating src/3rdPartyLibraries/UPR/examples/xomp/Makefile
config.status:2588: creating src/3rdPartyLibraries/UPR/include/Makefile
config.status:2588: creating src/3rdPartyLibraries/UPR/include/UPR/Makefile
config.status:2588: creating src/3rdPartyLibraries/UPR/lib/Makefile
config.status:2588: creating src/3rdPartyLibraries/UPR/tools/Makefile
config.status:2588: creating src/ROSETTA/Makefile
config.status:2588: creating src/ROSETTA/src/Makefile
config.status:2588: creating src/frontend/Makefile
config.status:2588: creating src/frontend/SageIII/Makefile
config.status:2588: creating src/frontend/SageIII/sage.docs
config.status:2588: creating src/frontend/SageIII/astFixup/Makefile
config.status:2588: creating src/frontend/SageIII/astPostProcessing/Makefile
config.status:2588: creating src/frontend/SageIII/astFileIO/Makefile
config.status:2588: creating src/frontend/SageIII/astMerge/Makefile
config.status:2588: creating src/frontend/SageIII/sageInterface/Makefile
config.status:2588: creating src/frontend/SageIII/virtualCFG/Makefile
config.status:2588: creating src/frontend/SageIII/astTokenStream/Makefile
config.status:2588: creating src/frontend/SageIII/astHiddenTypeAndDeclarationLists/Makefile
config.status:2588: creating src/frontend/SageIII/astVisualization/Makefile
config.status:2588: creating src/frontend/SageIII/GENERATED_CODE_DIRECTORY_Cxx_Grammar/Makefile
config.status:2588: creating src/frontend/SageIII/astFromString/Makefile
config.status:2588: creating src/frontend/SageIII/includeDirectivesProcessing/Makefile
config.status:2588: creating src/frontend/CxxFrontend/Makefile
config.status:2588: creating src/frontend/CxxFrontend/Clang/Makefile
config.status:2588: creating src/frontend/OpenFortranParser_SAGE_Connection/Makefile
config.status:2588: creating src/frontend/Experimental_OpenFortranParser_ROSE_Connection/Makefile
config.status:2588: creating src/frontend/ECJ_ROSE_Connection/Makefile
config.status:2588: creating src/frontend/X10_ROSE_Connection/Makefile
config.status:2588: creating src/frontend/PHPFrontend/Makefile
config.status:2588: creating src/frontend/PythonFrontend/Makefile
config.status:2588: creating src/frontend/BinaryDisassembly/Makefile
config.status:2588: creating src/frontend/BinaryLoader/Makefile
config.status:2588: creating src/frontend/BinaryFormats/Makefile
config.status:2588: creating src/frontend/Disassemblers/Makefile
config.status:2588: creating src/frontend/DLX/Makefile
config.status:2588: creating src/frontend/DLX/docs/Makefile
config.status:2588: creating src/frontend/DLX/docs/doxygen/Makefile
config.status:2588: creating src/frontend/DLX/docs/doxygen/doxy.conf
config.status:2588: creating src/frontend/DLX/include/Makefile
config.status:2588: creating src/frontend/DLX/include/DLX/Makefile
config.status:2588: creating src/frontend/DLX/include/DLX/Core/Makefile
config.status:2588: creating src/frontend/DLX/include/DLX/OpenACC/Makefile
config.status:2588: creating src/frontend/DLX/lib/Makefile
config.status:2588: creating src/frontend/DLX/lib/core/Makefile
config.status:2588: creating src/frontend/DLX/lib/openacc/Makefile
config.status:2588: creating src/midend/Makefile
config.status:2588: creating src/midend/binaryAnalyses/Makefile
config.status:2588: creating src/midend/programAnalysis/Makefile
config.status:2588: creating src/midend/programAnalysis/staticSingleAssignment/Makefile
config.status:2588: creating src/midend/programAnalysis/ssaUnfilteredCfg/Makefile
config.status:2588: creating src/midend/programAnalysis/systemDependenceGraph/Makefile
config.status:2588: creating src/midend/programTransformation/extractFunctionArgumentsNormalization/Makefile
config.status:2588: creating src/midend/programTransformation/singleStatementToBlockNormalization/Makefile
config.status:2588: creating src/midend/programTransformation/loopProcessing/Makefile
config.status:2588: creating src/midend/MDCG/Makefile
config.status:2588: creating src/midend/MDCG/docs/Makefile
config.status:2588: creating src/midend/MDCG/docs/doxygen/Makefile
config.status:2588: creating src/midend/MDCG/docs/doxygen/doxy.conf
config.status:2588: creating src/midend/MDCG/include/Makefile
config.status:2588: creating src/midend/MDCG/include/MDCG/Makefile
config.status:2588: creating src/midend/MDCG/lib/Makefile
config.status:2588: creating src/backend/Makefile
config.status:2588: creating src/roseSupport/Makefile
config.status:2588: creating src/roseExtensions/Makefile
config.status:2588: creating src/roseExtensions/sqlite3x/Makefile
config.status:2588: creating src/roseExtensions/dataStructureTraversal/Makefile
config.status:2588: creating src/roseExtensions/highLevelGrammar/Makefile
config.status:2588: creating src/roseExtensions/qtWidgets/Makefile
config.status:2588: creating src/roseExtensions/qtWidgets/AsmInstructionBar/Makefile
config.status:2588: creating src/roseExtensions/qtWidgets/AsmView/Makefile
config.status:2588: creating src/roseExtensions/qtWidgets/AstBrowserWidget/Makefile
config.status:2588: creating src/roseExtensions/qtWidgets/AstGraphWidget/Makefile
config.status:2588: creating src/roseExtensions/qtWidgets/AstProcessing/Makefile
config.status:2588: creating src/roseExtensions/qtWidgets/BeautifiedAst/Makefile
config.status:2588: creating src/roseExtensions/qtWidgets/FlopCounter/Makefile
config.status:2588: creating src/roseExtensions/qtWidgets/InstructionCountAnnotator/Makefile
config.status:2588: creating src/roseExtensions/qtWidgets/KiviatView/Makefile
config.status:2588: creating src/roseExtensions/qtWidgets/MetricFilter/Makefile
config.status:2588: creating src/roseExtensions/qtWidgets/MetricsConfig/Makefile
config.status:2588: creating src/roseExtensions/qtWidgets/MetricsKiviat/Makefile
config.status:2588: creating src/roseExtensions/qtWidgets/NodeInfoWidget/Makefile
config.status:2588: creating src/roseExtensions/qtWidgets/ProjectManager/Makefile
config.status:2588: creating src/roseExtensions/qtWidgets/PropertyTreeWidget/Makefile
config.status:2588: creating src/roseExtensions/qtWidgets/QtGradientEditor/Makefile
config.status:2588: creating src/roseExtensions/qtWidgets/QCodeEditWidget/Makefile
config.status:2588: creating src/roseExtensions/qtWidgets/QCodeEditWidget/QCodeEdit/Makefile
config.status:2588: creating src/roseExtensions/qtWidgets/QCodeEditWidget/QCodeEdit/document/Makefile
config.status:2588: creating src/roseExtensions/qtWidgets/QCodeEditWidget/QCodeEdit/widgets/Makefile
config.status:2588: creating src/roseExtensions/qtWidgets/QCodeEditWidget/QCodeEdit/qnfa/Makefile
config.status:2588: creating src/roseExtensions/qtWidgets/RoseCodeEdit/Makefile
config.status:2588: creating src/roseExtensions/qtWidgets/RoseFileSelector/Makefile
config.status:2588: creating src/roseExtensions/qtWidgets/SrcBinView/Makefile
config.status:2588: creating src/roseExtensions/qtWidgets/TaskSystem/Makefile
config.status:2588: creating src/roseExtensions/qtWidgets/TreeModel/Makefile
config.status:2588: creating src/roseExtensions/qtWidgets/util/Makefile
config.status:2588: creating src/roseExtensions/qtWidgets/WidgetCreator/Makefile
config.status:2588: creating src/roseExtensions/roseHPCToolkit/Makefile
config.status:2588: creating src/roseExtensions/roseHPCToolkit/src/Makefile
config.status:2588: creating src/roseExtensions/roseHPCToolkit/include/Makefile
config.status:2588: creating src/roseExtensions/roseHPCToolkit/include/rosehpct/Makefile
config.status:2588: creating src/roseExtensions/roseHPCToolkit/src/util/Makefile
config.status:2588: creating src/roseExtensions/roseHPCToolkit/include/rosehpct/util/Makefile
config.status:2588: creating src/roseExtensions/roseHPCToolkit/src/xml/Makefile
config.status:2588: creating src/roseExtensions/roseHPCToolkit/include/rosehpct/xml/Makefile
config.status:2588: creating src/roseExtensions/roseHPCToolkit/src/xml-xercesc/Makefile
config.status:2588: creating src/roseExtensions/roseHPCToolkit/include/rosehpct/xml-xercesc/Makefile
config.status:2588: creating src/roseExtensions/roseHPCToolkit/src/profir/Makefile
config.status:2588: creating src/roseExtensions/roseHPCToolkit/include/rosehpct/profir/Makefile
config.status:2588: creating src/roseExtensions/roseHPCToolkit/src/gprof/Makefile
config.status:2588: creating src/roseExtensions/roseHPCToolkit/include/rosehpct/gprof/Makefile
config.status:2588: creating src/roseExtensions/roseHPCToolkit/src/xml2profir/Makefile
config.status:2588: creating src/roseExtensions/roseHPCToolkit/include/rosehpct/xml2profir/Makefile
config.status:2588: creating src/roseExtensions/roseHPCToolkit/src/sage/Makefile
config.status:2588: creating src/roseExtensions/roseHPCToolkit/include/rosehpct/sage/Makefile
config.status:2588: creating src/roseExtensions/roseHPCToolkit/src/profir2sage/Makefile
config.status:2588: creating src/roseExtensions/roseHPCToolkit/include/rosehpct/profir2sage/Makefile
config.status:2588: creating src/roseExtensions/roseHPCToolkit/docs/Makefile
config.status:2588: creating src/roseIndependentSupport/Makefile
config.status:2588: creating src/roseIndependentSupport/dot2gml/Makefile
config.status:2588: creating projects/AstEquivalence/Makefile
config.status:2588: creating projects/AstEquivalence/gui/Makefile
config.status:2588: creating projects/AtermTranslation/Makefile
config.status:2588: creating projects/BabelPreprocessor/Makefile
config.status:2588: creating projects/BinFuncDetect/Makefile
config.status:2588: creating projects/BinQ/Makefile
config.status:2588: creating projects/BinaryCloneDetection/Makefile
config.status:2588: creating projects/BinaryCloneDetection/gui/Makefile
config.status:2588: creating projects/BinaryDataStructureRecognition/Makefile
config.status:2588: creating projects/C_to_Promela/Makefile
config.status:2588: creating projects/CertSecureCodeProject/Makefile
config.status:2588: creating projects/CloneDetection/Makefile
config.status:2588: creating projects/ConstructNameSimilarityAnalysis/Makefile
config.status:2588: creating projects/CodeThorn/Makefile
config.status:2588: creating projects/CodeThorn/src/Makefile
config.status:2588: creating projects/CodeThorn/src/addressTakenAnalysis/Makefile
config.status:2588: creating projects/DataFaultTolerance/Makefile
config.status:2588: creating projects/DataFaultTolerance/src/Makefile
config.status:2588: creating projects/DataFaultTolerance/test/Makefile
config.status:2588: creating projects/DataFaultTolerance/test/array/Makefile
config.status:2588: creating projects/DataFaultTolerance/test/array/transformation/Makefile
config.status:2588: creating projects/DataFaultTolerance/test/array/transformation/tests/Makefile
config.status:2588: creating projects/DataFaultTolerance/test/array/faultCheck/Makefile
config.status:2588: creating projects/DatalogAnalysis/Makefile
config.status:2588: creating projects/DatalogAnalysis/relationTranslatorGenerator/Makefile
config.status:2588: creating projects/DatalogAnalysis/src/DBFactories/Makefile
config.status:2588: creating projects/DatalogAnalysis/src/Makefile
config.status:2588: creating projects/DatalogAnalysis/tests/Makefile
config.status:2588: creating projects/DistributedMemoryAnalysisCompass/Makefile
config.status:2588: creating projects/DocumentationGenerator/Makefile
config.status:2588: creating projects/EditDistanceMetric/Makefile
config.status:2588: creating projects/FiniteStateModelChecker/Makefile
config.status:2588: creating projects/fuse/Makefile
config.status:2588: creating projects/fuse/src/Makefile
config.status:2588: creating projects/fuse/tests/Makefile
config.status:2588: creating projects/graphColoring/Makefile
config.status:2588: creating projects/HeaderFilesInclusion/HeaderFilesGraphGenerator/Makefile
config.status:2588: creating projects/HeaderFilesInclusion/HeaderFilesNotIncludedList/Makefile
config.status:2588: creating projects/HeaderFilesInclusion/Makefile
config.status:2588: creating projects/MPI_Tools/Makefile
config.status:2588: creating projects/MPI_Tools/MPICodeMotion/Makefile
config.status:2588: creating projects/MPI_Tools/MPIDeterminismAnalysis/Makefile
config.status:2588: creating projects/MacroRewrapper/Makefile
config.status:2588: creating projects/Makefile
config.status:2588: creating projects/OpenMP_Analysis/Makefile
config.status:2588: creating projects/OpenMP_Checker/Makefile
config.status:2588: creating projects/OpenMP_Translator/Makefile
config.status:2588: creating projects/OpenMP_Translator/includes/Makefile
config.status:2588: creating projects/OpenMP_Translator/tests/Makefile
config.status:2588: creating projects/OpenMP_Translator/tests/cvalidationsuite/Makefile
config.status:2588: creating projects/OpenMP_Translator/tests/developmentTests/Makefile
config.status:2588: creating projects/OpenMP_Translator/tests/epcc-c/Makefile
config.status:2588: creating projects/OpenMP_Translator/tests/npb2.3-omp-c/BT/Makefile
config.status:2588: creating projects/OpenMP_Translator/tests/npb2.3-omp-c/CG/Makefile
config.status:2588: creating projects/OpenMP_Translator/tests/npb2.3-omp-c/EP/Makefile
config.status:2588: creating projects/OpenMP_Translator/tests/npb2.3-omp-c/FT/Makefile
config.status:2588: creating projects/OpenMP_Translator/tests/npb2.3-omp-c/IS/Makefile
config.status:2588: creating projects/OpenMP_Translator/tests/npb2.3-omp-c/LU/Makefile
config.status:2588: creating projects/OpenMP_Translator/tests/npb2.3-omp-c/MG/Makefile
config.status:2588: creating projects/OpenMP_Translator/tests/npb2.3-omp-c/Makefile
config.status:2588: creating projects/OpenMP_Translator/tests/npb2.3-omp-c/SP/Makefile
config.status:2588: creating projects/pragmaParsing/Makefile
config.status:2588: creating projects/QtDesignerPlugins/Makefile
config.status:2588: creating projects/RTED/CppRuntimeSystem/DebuggerQt/Makefile
config.status:2588: creating projects/RTED/CppRuntimeSystem/Makefile
config.status:2588: creating projects/RTED/Makefile
config.status:2588: creating projects/RoseQt/AstViewer/Makefile
config.status:2588: creating projects/RoseQt/Makefile
config.status:2588: creating projects/SatSolver/Makefile
config.status:2588: creating projects/UpcTranslation/Makefile
config.status:2588: creating projects/UpcTranslation/tests/Makefile
config.status:2588: creating projects/arrayOptimization/Makefile
config.status:2588: creating projects/arrayOptimization/test/Makefile
config.status:2588: creating projects/autoParallelization/Makefile
config.status:2588: creating projects/autoParallelization/tests/Makefile
config.status:2588: creating projects/autoTuning/Makefile
config.status:2588: creating projects/autoTuning/doc/Makefile
config.status:2588: creating projects/autoTuning/tests/Makefile
config.status:2588: creating projects/backstroke/Makefile
config.status:2588: creating projects/backstroke/eventDetection/Makefile
config.status:2588: creating projects/backstroke/eventDetection/ROSS/Makefile
config.status:2588: creating projects/backstroke/eventDetection/SPEEDES/Makefile
config.status:2588: creating projects/backstroke/normalizations/Makefile
config.status:2588: creating projects/backstroke/slicing/Makefile
config.status:2588: creating projects/backstroke/valueGraph/Makefile
config.status:2588: creating projects/backstroke/valueGraph/headerUnparser/Makefile
config.status:2588: creating projects/backstroke/pluggableReverser/Makefile
config.status:2588: creating projects/backstroke/testCodeGeneration/Makefile
config.status:2588: creating projects/backstroke/restrictedLanguage/Makefile
config.status:2588: creating projects/backstroke/tests/Makefile
config.status:2588: creating projects/backstroke/tests/cfgReverseCodeGenerator/Makefile
config.status:2588: creating projects/backstroke/tests/expNormalizationTest/Makefile
config.status:2588: creating projects/backstroke/tests/pluggableReverserTest/Makefile
config.status:2588: creating projects/backstroke/tests/restrictedLanguageTest/Makefile
config.status:2588: creating projects/backstroke/tests/testCodeBuilderTest/Makefile
config.status:2588: creating projects/backstroke/tests/incrementalInversionTest/Makefile
config.status:2588: creating projects/backstroke/utilities/Makefile
config.status:2588: creating projects/backstroke/sdg/Makefile
config.status:2588: creating projects/binCompass/Makefile
config.status:2588: creating projects/binCompass/analyses/Makefile
config.status:2588: creating projects/binCompass/graphanalyses/Makefile
config.status:2588: creating projects/binaryVisualization/Makefile
config.status:2588: creating projects/bugSeeding/Makefile
config.status:2588: creating projects/bugSeeding/bugSeeding.tex
config.status:2588: creating projects/checkPointExample/Makefile
config.status:2588: creating projects/compass/Makefile
config.status:2588: creating projects/compass/src/Makefile
config.status:2588: creating projects/compass/src/compassSupport/Makefile
config.status:2588: creating projects/compass/src/util/C-API/Makefile
config.status:2588: creating projects/compass/src/util/MPIAbstraction/Makefile
config.status:2588: creating projects/compass/src/util/MPIAbstraction/alt-mpi-headers/Makefile
config.status:2588: creating projects/compass/src/util/MPIAbstraction/alt-mpi-headers/mpich-1.2.7p1/Makefile
config.status:2588: creating projects/compass/src/util/MPIAbstraction/alt-mpi-headers/mpich-1.2.7p1/include/Makefile
config.status:2588: creating projects/compass/src/util/MPIAbstraction/alt-mpi-headers/mpich-1.2.7p1/include/mpi2c++/Makefile
config.status:2588: creating projects/compass/src/util/Makefile
config.status:2588: creating projects/compass/tools/Makefile
config.status:2588: creating projects/compass/tools/compass/Makefile
config.status:2588: creating projects/compass/tools/compass/buildInterpreter/Makefile
config.status:2588: creating projects/compass/tools/compass/doc/Makefile
config.status:2588: creating projects/compass/tools/compass/doc/compass.tex
config.status:2588: creating projects/compass/tools/compass/gui/Makefile
config.status:2588: creating projects/compass/tools/compass/gui2/Makefile
config.status:2588: creating projects/compass/tools/compass/tests/Compass_C_tests/Makefile
config.status:2588: creating projects/compass/tools/compass/tests/Compass_Cxx_tests/Makefile
config.status:2588: creating projects/compass/tools/compass/tests/Compass_OpenMP_tests/Makefile
config.status:2588: creating projects/compass/tools/compass/tests/Makefile
config.status:2588: creating projects/compass/tools/compassVerifier/Makefile
config.status:2588: creating projects/compass/tools/sampleCompassSubset/Makefile
config.status:2588: creating projects/dataStructureGraphing/Makefile
config.status:2588: creating projects/extractMPISkeleton/Makefile
config.status:2588: creating projects/extractMPISkeleton/src/Makefile
config.status:2588: creating projects/extractMPISkeleton/tests/Makefile
config.status:2588: creating projects/haskellport/Makefile
config.status:2588: creating projects/haskellport/Setup.hs
config.status:2588: creating projects/haskellport/rose.cabal.in
config.status:2588: creating projects/highLevelGrammars/Makefile
config.status:2588: creating projects/interpreter/Makefile
config.status:2588: creating projects/javaport/Makefile
config.status:2588: creating projects/palette/Makefile
config.status:2588: creating projects/programModeling/Makefile
config.status:2588: creating projects/roseToLLVM/Analysis/Alias/Makefile
config.status:2588: creating projects/roseToLLVM/Analysis/Alias/src/Makefile
config.status:2588: creating projects/roseToLLVM/Analysis/Alias/tests/Makefile
config.status:2588: creating projects/roseToLLVM/Analysis/Makefile
config.status:2588: creating projects/roseToLLVM/Makefile
config.status:2588: creating projects/roseToLLVM/src/Makefile
config.status:2588: creating projects/roseToLLVM/src/rosetollvm/Makefile
config.status:2588: creating projects/roseToLLVM/tests/Makefile
config.status:2588: creating projects/RosePolly/Makefile
config.status:2588: creating projects/simulator/Makefile
config.status:2588: creating projects/symbolicAnalysisFramework/Makefile
config.status:2588: creating projects/symbolicAnalysisFramework/src/chkptRangeAnalysis/Makefile
config.status:2588: creating projects/symbolicAnalysisFramework/src/external/Makefile
config.status:2588: creating projects/symbolicAnalysisFramework/src/mpiAnal/Makefile
config.status:2588: creating projects/symbolicAnalysisFramework/src/ompAnal/Makefile
config.status:2588: creating projects/symbolicAnalysisFramework/src/unionFind/Makefile
config.status:2588: creating projects/symbolicAnalysisFramework/src/varBitVector/Makefile
config.status:2588: creating projects/symbolicAnalysisFramework/src/varLatticeVector/Makefile
config.status:2588: creating projects/symbolicAnalysisFramework/src/taintAnalysis/Makefile
config.status:2588: creating projects/symbolicAnalysisFramework/src/parallelCFG/Makefile
config.status:2588: creating projects/symbolicAnalysisFramework/src/Makefile
config.status:2588: creating projects/symbolicAnalysisFramework/tests/Makefile
config.status:2588: creating projects/symbolicAnalysisFramework/include/Makefile
config.status:2588: creating projects/taintcheck/Makefile
config.status:2588: creating projects/RTC/Makefile
config.status:2588: creating projects/PowerAwareCompiler/Makefile
config.status:2588: creating projects/ManyCoreRuntime/Makefile
config.status:2588: creating projects/ManyCoreRuntime/docs/Makefile
config.status:2588: creating projects/mint/Makefile
config.status:2588: creating projects/mint/src/Makefile
config.status:2588: creating projects/mint/tests/Makefile
config.status:2588: creating projects/Fortran_to_C/Makefile
config.status:2588: creating projects/Fortran_to_C/src/Makefile
config.status:2588: creating projects/Fortran_to_C/tests/Makefile
config.status:2588: creating projects/vectorization/Makefile
config.status:2588: creating projects/vectorization/src/Makefile
config.status:2588: creating projects/vectorization/tests/Makefile
config.status:2588: creating projects/PolyhedralModel/Makefile
config.status:2588: creating projects/PolyhedralModel/src/Makefile
config.status:2588: creating projects/PolyhedralModel/docs/Makefile
config.status:2588: creating projects/PolyhedralModel/tests/Makefile
config.status:2588: creating projects/PolyhedralModel/tests/rose-pragma/Makefile
config.status:2588: creating projects/PolyhedralModel/tests/rose-max-cover/Makefile
config.status:2588: creating projects/PolyhedralModel/tests/cuda-kernel/Makefile
config.status:2588: creating projects/PolyhedralModel/projects/Makefile
config.status:2588: creating projects/PolyhedralModel/projects/loop-ocl/Makefile
config.status:2588: creating projects/PolyhedralModel/projects/spmd-generator/Makefile
config.status:2588: creating projects/PolyhedralModel/projects/polygraph/Makefile
config.status:2588: creating projects/PolyhedralModel/projects/utils/Makefile
config.status:2588: creating projects/RoseBlockLevelTracing/Makefile
config.status:2588: creating projects/RoseBlockLevelTracing/src/Makefile
config.status:2588: creating projects/LineDeleter/Makefile
config.status:2588: creating projects/LineDeleter/src/Makefile
config.status:2588: creating tests/Makefile
config.status:2588: creating tests/RunTests/Makefile
config.status:2588: creating tests/RunTests/A++Tests/Makefile
config.status:2588: creating tests/RunTests/AstDeleteTests/Makefile
config.status:2588: creating tests/RunTests/FortranTests/Makefile
config.status:2588: creating tests/RunTests/FortranTests/LANL_POP/Makefile
config.status:2588: creating tests/RunTests/PythonTests/Makefile
config.status:2588: creating tests/PerformanceTests/Makefile
config.status:2588: creating tests/CompilerOptionsTests/Makefile
config.status:2588: creating tests/CompilerOptionsTests/testCpreprocessorOption/Makefile
config.status:2588: creating tests/CompilerOptionsTests/testWave/Makefile
config.status:2588: creating tests/CompilerOptionsTests/testForSpuriousOutput/Makefile
config.status:2588: creating tests/CompilerOptionsTests/testHeaderFileOutput/Makefile
config.status:2588: creating tests/CompilerOptionsTests/testOutputFileOption/Makefile
config.status:2588: creating tests/CompilerOptionsTests/testGnuOptions/Makefile
config.status:2588: creating tests/CompilerOptionsTests/testFileNamesAndExtensions/Makefile
config.status:2588: creating tests/CompilerOptionsTests/testFileNamesAndExtensions/fileNames/Makefile
config.status:2588: creating tests/CompilerOptionsTests/testFileNamesAndExtensions/fileExtensions/Makefile
config.status:2588: creating tests/CompilerOptionsTests/testFileNamesAndExtensions/fileExtensions/caseInsensitive/Makefile
config.status:2588: creating tests/CompilerOptionsTests/testFileNamesAndExtensions/fileExtensions/caseSensitive/Makefile
config.status:2588: creating tests/CompilerOptionsTests/testGenerateSourceFileNames/Makefile
config.status:2588: creating tests/CompileTests/Makefile
config.status:2588: creating tests/CompileTests/A++Tests/Makefile
config.status:2588: creating tests/CompileTests/P++Tests/Makefile
config.status:2588: creating tests/CompileTests/A++Code/Makefile
config.status:2588: creating tests/CompileTests/OvertureCode/Makefile
config.status:2588: creating tests/CompileTests/ElsaTestCases/Makefile
config.status:2588: creating tests/CompileTests/ElsaTestCases/ctests/Makefile
config.status:2588: creating tests/CompileTests/ElsaTestCases/gnu/Makefile
config.status:2588: creating tests/CompileTests/ElsaTestCases/kandr/Makefile
config.status:2588: creating tests/CompileTests/ElsaTestCases/std/Makefile
config.status:2588: creating tests/CompileTests/C_tests/Makefile
config.status:2588: creating tests/CompileTests/C99_tests/Makefile
config.status:2588: creating tests/CompileTests/Java_tests/Makefile
config.status:2588: creating tests/CompileTests/Cxx_tests/Makefile
config.status:2588: creating tests/CompileTests/Cxx11_tests/Makefile
config.status:2588: creating tests/CompileTests/C_subset_of_Cxx_tests/Makefile
config.status:2588: creating tests/CompileTests/Fortran_tests/Makefile
config.status:2588: creating tests/CompileTests/Fortran_tests/LANL_POP/Makefile
config.status:2588: creating tests/CompileTests/Fortran_tests/gfortranTestSuite/Makefile
config.status:2588: creating tests/CompileTests/Fortran_tests/gfortranTestSuite/gfortran.fortran-torture/Makefile
config.status:2588: creating tests/CompileTests/Fortran_tests/gfortranTestSuite/gfortran.dg/Makefile
config.status:2588: creating tests/CompileTests/Fortran_tests/experimental_frontend_tests/Makefile
config.status:2588: creating tests/CompileTests/CAF2_tests/Makefile
config.status:2588: creating tests/CompileTests/RoseExample_tests/Makefile
config.status:2588: creating tests/CompileTests/ExpressionTemplateExample_tests/Makefile
config.status:2588: creating tests/CompileTests/PythonExample_tests/Makefile
config.status:2588: creating tests/CompileTests/Python_tests/Makefile
config.status:2588: creating tests/CompileTests/UPC_tests/Makefile
config.status:2588: creating tests/CompileTests/OpenMP_tests/Makefile
config.status:2588: creating tests/CompileTests/OpenMP_tests/fortran/Makefile
config.status:2588: creating tests/CompileTests/OpenMP_tests/cvalidation/Makefile
config.status:2588: creating tests/CompileTests/copyAST_tests/Makefile
config.status:2588: creating tests/CompileTests/colorAST_tests/Makefile
config.status:2588: creating tests/CompileTests/mergeAST_tests/Makefile
config.status:2588: creating tests/CompileTests/unparseToString_tests/Makefile
config.status:2588: creating tests/CompileTests/boost_tests/Makefile
config.status:2588: creating tests/CompileTests/virtualCFG_tests/Makefile
config.status:2588: creating tests/CompileTests/staticCFG_tests/Makefile
config.status:2588: creating tests/CompileTests/uninitializedField_tests/Makefile
config.status:2588: creating tests/CompileTests/sourcePosition_tests/Makefile
config.status:2588: creating tests/CompileTests/hiddenTypeAndDeclarationListTests/Makefile
config.status:2588: creating tests/CompileTests/sizeofOperation_tests/Makefile
config.status:2588: creating tests/CompileTests/MicrosoftWindows_tests/Makefile
config.status:2588: creating tests/CompileTests/nameQualificationAndTypeElaboration_tests/Makefile
config.status:2588: creating tests/CompileTests/UnparseHeadersTests/Makefile
config.status:2588: creating tests/CompileTests/CudaTests/Makefile
config.status:2588: creating tests/CompileTests/OpenClTests/Makefile
config.status:2588: creating tests/CompileTests/frontend_integration/Makefile
config.status:2588: creating tests/CompileTests/x10_tests/Makefile
config.status:2588: creating tests/CompileTests/DLX/Makefile
config.status:2588: creating tests/CompileTests/DLX/OpenACC/Makefile
config.status:2588: creating tests/CompileTests/MDCG/Makefile
config.status:2588: creating tests/CompileTests/MDCG/OpenCL/Makefile
config.status:2588: creating tests/CompileTests/MDCG/OpenACC/Makefile
config.status:2588: creating tests/CompilerOptionsTests/collectAllCommentsAndDirectives_tests/Makefile
config.status:2588: creating tests/CompilerOptionsTests/preinclude_tests/Makefile
config.status:2588: creating tests/CompilerOptionsTests/tokenStream_tests/Makefile
config.status:2588: creating tests/roseTests/Makefile
config.status:2588: creating tests/roseTests/abstractMemoryObjectTests/Makefile
config.status:2588: creating tests/roseTests/PHPTests/Makefile
config.status:2588: creating tests/roseTests/astFileIOTests/Makefile
config.status:2588: creating tests/roseTests/astInliningTests/Makefile
config.status:2588: creating tests/roseTests/astInterfaceTests/Makefile
config.status:2588: creating tests/roseTests/astLValueTests/Makefile
config.status:2588: creating tests/roseTests/astMergeTests/Makefile
config.status:2588: creating tests/roseTests/astOutliningTests/Makefile
config.status:2588: creating tests/roseTests/astOutliningTests/fortranTests/Makefile
config.status:2588: creating tests/roseTests/astPerformanceTests/Makefile
config.status:2588: creating tests/roseTests/astProcessingTests/Makefile
config.status:2588: creating tests/roseTests/astQueryTests/Makefile
config.status:2588: creating tests/roseTests/astRewriteTests/Makefile
config.status:2588: creating tests/roseTests/astSymbolTableTests/Makefile
config.status:2588: creating tests/roseTests/astTokenStreamTests/Makefile
config.status:2588: creating tests/roseTests/binaryTests/Makefile
config.status:2588: creating tests/roseTests/binaryTests/SemanticVerification/Makefile
config.status:2588: creating tests/roseTests/binaryTests/libraryIdentification_tests/Makefile
config.status:2588: creating tests/roseTests/binaryTests/Pin_tests/Makefile
config.status:2588: creating tests/roseTests/binaryTests/Dwarf_tests/Makefile
config.status:2588: creating tests/roseTests/loopProcessingTests/Makefile
config.status:2588: creating tests/roseTests/ompLoweringTests/Makefile
config.status:2588: creating tests/roseTests/ompLoweringTests/fortran/Makefile
config.status:2588: creating tests/roseTests/programAnalysisTests/Makefile
config.status:2588: creating tests/roseTests/programAnalysisTests/defUseAnalysisTests/Makefile
config.status:2588: creating tests/roseTests/programAnalysisTests/typeTraitTests/Makefile
config.status:2588: creating tests/roseTests/programAnalysisTests/sideEffectAnalysisTests/Makefile
config.status:2588: creating tests/roseTests/programAnalysisTests/staticInterproceduralSlicingTests/Makefile
config.status:2588: creating tests/roseTests/programAnalysisTests/testCallGraphAnalysis/Makefile
config.status:2588: creating tests/roseTests/programAnalysisTests/variableLivenessTests/Makefile
config.status:2588: creating tests/roseTests/programAnalysisTests/variableRenamingTests/Makefile
config.status:2588: creating tests/roseTests/programAnalysisTests/ssa_UnfilteredCfg_Test/Makefile
config.status:2588: creating tests/roseTests/programAnalysisTests/staticSingleAssignmentTests/Makefile
config.status:2588: creating tests/roseTests/programAnalysisTests/generalDataFlowAnalysisTests/Makefile
config.status:2588: creating tests/roseTests/programAnalysisTests/systemDependenceGraphTests/Makefile
config.status:2588: creating tests/roseTests/programTransformationTests/Makefile
config.status:2588: creating tests/roseTests/programTransformationTests/extractFunctionArgumentsTest/Makefile
config.status:2588: creating tests/roseTests/programTransformationTests/singleStatementToBlockNormalization/Makefile
config.status:2588: creating tests/roseTests/roseHPCToolkitTests/Makefile
config.status:2588: creating tests/roseTests/roseHPCToolkitTests/data/01/ANALYSIS/Makefile
config.status:2588: creating tests/roseTests/roseHPCToolkitTests/data/01/Makefile
config.status:2588: creating tests/roseTests/roseHPCToolkitTests/data/01/PROFILE/Makefile
config.status:2588: creating tests/roseTests/roseHPCToolkitTests/data/01/PROGRAM/Makefile
config.status:2588: creating tests/roseTests/roseHPCToolkitTests/data/02/Makefile
config.status:2588: creating tests/roseTests/roseHPCToolkitTests/data/02/PROFILE/Makefile
config.status:2588: creating tests/roseTests/roseHPCToolkitTests/data/02/struct_ls/Makefile
config.status:2588: creating tests/roseTests/roseHPCToolkitTests/data/03/Makefile
config.status:2588: creating tests/roseTests/roseHPCToolkitTests/data/03/PROFILE/Makefile
config.status:2588: creating tests/roseTests/roseHPCToolkitTests/data/03/struct_ls/Makefile
config.status:2588: creating tests/roseTests/roseHPCToolkitTests/data/Makefile
config.status:2588: creating tests/roseTests/utilTests/Makefile
config.status:2588: creating tests/roseTests/fileLocation_tests/Makefile
config.status:2588: creating tests/roseTests/graph_tests/Makefile
config.status:2588: creating tests/roseTests/mergeTraversal_tests/Makefile
config.status:2588: creating tests/translatorTests/Makefile
config.status:2588: creating tutorial/Makefile
config.status:2588: creating tutorial/exampleMakefile
config.status:2588: creating tutorial/roseHPCT/Makefile
config.status:2588: creating tutorial/outliner/Makefile
config.status:2588: creating tutorial/intelPin/Makefile
config.status:2588: creating tutorial/binaryAnalysis/Makefile
config.status:2588: creating exampleTranslators/Makefile
config.status:2588: creating exampleTranslators/AstCopyReplTester/Makefile
config.status:2588: creating exampleTranslators/DOTGenerator/Makefile
config.status:2588: creating exampleTranslators/PDFGenerator/Makefile
config.status:2588: creating exampleTranslators/documentedExamples/Makefile
config.status:2588: creating exampleTranslators/documentedExamples/simpleTranslatorExamples/Makefile
config.status:2588: creating exampleTranslators/documentedExamples/simpleTranslatorExamples/exampleMakefile
config.status:2588: creating exampleTranslators/documentedExamples/AstRewriteExamples/Makefile
config.status:2588: creating exampleTranslators/documentedExamples/dataBaseExamples/Makefile
config.status:2588: creating exampleTranslators/defaultTranslator/Makefile
config.status:2588: creating docs/Makefile
config.status:2588: creating docs/Rose/footer.html
config.status:2588: creating docs/Rose/leftmenu.html
config.status:2588: creating docs/Rose/AvailableDocumentation.docs
config.status:2588: creating docs/Rose/Makefile
config.status:2588: creating docs/Rose/manual.tex
config.status:2588: creating docs/Rose/ROSE_InstallationInstructions.tex
config.status:2588: creating docs/Rose/ROSE_Exam.tex
config.status:2588: creating docs/Rose/ROSE_DeveloperInstructions.tex
config.status:2588: creating docs/Rose/ROSE_DemoGuide.tex
config.status:2588: creating docs/Rose/gettingStarted.tex
config.status:2588: creating docs/Rose/rose.cfg
config.status:2588: creating docs/Rose/roseQtWidgets.doxygen
config.status:2588: creating docs/Rose/sage.cfg
config.status:2588: creating docs/Rose/Tutorial/Makefile
config.status:2588: creating docs/Rose/Tutorial/tutorial.tex
config.status:2588: creating docs/Rose/Tutorial/gettingStarted.tex
config.status:2588: creating docs/testDoxygen/test.cfg
config.status:2588: creating docs/testDoxygen/Makefile
config.status:2588: creating tools/Makefile
config.status:2588: creating scripts/Makefile
config.status:2588: creating demo/Makefile
config.status:2588: creating demo/qrose/Makefile
config.status:2588: creating binaries/Makefile
config.status:2588: creating binaries/samples/Makefile
config.status:2588: creating projects/compass2/Makefile
config.status:2588: creating projects/compass2/docs/Makefile
config.status:2588: creating projects/compass2/docs/asciidoc/Makefile
config.status:2588: creating projects/compass2/docs/doxygen/doxygen.config
config.status:2588: creating projects/compass2/docs/doxygen/Makefile
config.status:2588: creating projects/compass2/tests/Makefile
config.status:2588: creating projects/compass2/tests/checkers/Makefile
config.status:2588: creating projects/compass2/tests/checkers/function_pointer/Makefile
config.status:2588: creating projects/compass2/tests/checkers/function_pointer/compass_parameters.xml
config.status:2588: creating projects/compass2/tests/checkers/keyword_macro/Makefile
config.status:2588: creating projects/compass2/tests/checkers/keyword_macro/compass_parameters.xml
config.status:2588: creating projects/compass2/tests/core/Makefile
config.status:2588: creating projects/compass2/tests/core/compass_parameters.xml
config.status:2588: creating rose_config.h
config.status:2754: rose_config.h is unchanged
config.status:2802: executing depfiles commands
config.status:2802: executing libtool commands
config.status:2802: executing default commands
config.status:2802: executing rose_paths.C commands
config.status:2802: executing rosePublicConfig.h commands
